kdeinit5: preparing to launch '/usr/lib/kf5/klauncher'
kdeinit5: Launched KLauncher, pid = 494, result = 0
kdeinit5: opened connection to :0
kdeinit5: Got SETENV 'XCURSOR_THEME=McMojave-cursors' from launcher.
kdeinit5: Got SETENV 'XCURSOR_SIZE=24' from launcher.
kdeinit5: Got SETENV 'GTK_RC_FILES=/etc/gtk/gtkrc:/home/demonkiller/.gtkrc:/home/demonkiller/.config/gtkrc' from launcher.
kdeinit5: Got SETENV 'GTK2_RC_FILES=/etc/gtk-2.0/gtkrc:/home/demonkiller/.gtkrc-2.0:/home/demonkiller/.config/gtkrc-2.0' from launcher.
kdeinit5: Got SETENV 'SESSION_MANAGER=local/archconfig:@/tmp/.ICE-unix/528,unix/archconfig:/tmp/.ICE-unix/528' from launcher.
kdeinit5: Got SETENV 'SESSION_MANAGER=local/archconfig:@/tmp/.ICE-unix/528,unix/archconfig:/tmp/.ICE-unix/528' from launcher.
kdeinit5: Got EXEC_NEW '/usr/lib/qt/plugins/kf5/kio/desktop.so' from launcher.
kdeinit5: preparing to launch '/usr/lib/qt/plugins/kf5/kio/desktop.so'
kdeinit5: Got EXEC_NEW '/usr/lib/qt/plugins/kf5/kio/file.so' from launcher.
kdeinit5: preparing to launch '/usr/lib/qt/plugins/kf5/kio/file.so'
kdeinit5: Got EXEC_NEW '/usr/lib/qt/plugins/kf5/kio/tags.so' from launcher.
kdeinit5: preparing to launch '/usr/lib/qt/plugins/kf5/kio/tags.so'
kdeinit5: Got EXEC_NEW '/usr/lib/qt/plugins/kf5/kio/file.so' from launcher.
kdeinit5: preparing to launch '/usr/lib/qt/plugins/kf5/kio/file.so'
kdeinit5: Got EXEC_NEW '/usr/lib/qt/plugins/kf5/kio/file.so' from launcher.
kdeinit5: preparing to launch '/usr/lib/qt/plugins/kf5/kio/file.so'
kdeinit5: PID 693 terminated.
kdeinit5: PID 700 terminated.
kdeinit5: PID 696 terminated.
kdeinit5: PID 689 terminated.
kdeinit5: Got EXEC_NEW '/usr/lib/qt/plugins/kf5/kio/tags.so' from launcher.
kdeinit5: preparing to launch '/usr/lib/qt/plugins/kf5/kio/tags.so'
kdeinit5: Got EXEC_NEW '/usr/lib/qt/plugins/kf5/kio/tags.so' from launcher.
kdeinit5: preparing to launch '/usr/lib/qt/plugins/kf5/kio/tags.so'
kdeinit5: Got EXEC_NEW '/usr/lib/qt/plugins/kf5/kio/trash.so' from launcher.
kdeinit5: preparing to launch '/usr/lib/qt/plugins/kf5/kio/trash.so'
kdeinit5: Got EXEC_NEW '/usr/lib/qt/plugins/kf5/kio/file.so' from launcher.
kdeinit5: preparing to launch '/usr/lib/qt/plugins/kf5/kio/file.so'
kdeinit5: Got EXEC_NEW '/usr/lib/qt/plugins/kf5/kio/file.so' from launcher.
kdeinit5: preparing to launch '/usr/lib/qt/plugins/kf5/kio/file.so'
kdeinit5: Got EXEC_NEW '/usr/lib/qt/plugins/kf5/kio/file.so' from launcher.
kdeinit5: preparing to launch '/usr/lib/qt/plugins/kf5/kio/file.so'
kdeinit5: Got EXEC_NEW '/usr/lib/qt/plugins/kf5/kio/file.so' from launcher.
kdeinit5: preparing to launch '/usr/lib/qt/plugins/kf5/kio/file.so'
kdeinit5: Got EXEC_NEW '/usr/lib/qt/plugins/kf5/kio/thumbnail.so' from launcher.
kdeinit5: preparing to launch '/usr/lib/qt/plugins/kf5/kio/thumbnail.so'
kdeinit5: Got EXEC_NEW '/usr/lib/qt/plugins/kf5/kio/tags.so' from launcher.
kdeinit5: preparing to launch '/usr/lib/qt/plugins/kf5/kio/tags.so'
kdeinit5: Got EXEC_NEW '/usr/lib/qt/plugins/kf5/kio/file.so' from launcher.
kdeinit5: preparing to launch '/usr/lib/qt/plugins/kf5/kio/file.so'
kdeinit5: Got EXEC_NEW '/usr/lib/qt/plugins/kf5/kio/thumbnail.so' from launcher.
kdeinit5: preparing to launch '/usr/lib/qt/plugins/kf5/kio/thumbnail.so'
kdeinit5: PID 3370 terminated.
kdeinit5: PID 3371 terminated.
kdeinit5: PID 3372 terminated.
kdeinit5: Got EXEC_NEW 'konsole' from launcher.
kdeinit5: preparing to launch 'libkdeinit5_konsole'
kdeinit5: PID 3059 terminated.
kdeinit5: PID 3060 terminated.
kdeinit5: PID 3063 terminated.
kdeinit5: PID 3066 terminated.
kdeinit5: Got EXEC_NEW '/usr/lib/qt/plugins/kf5/kio/file.so' from launcher.
kdeinit5: preparing to launch '/usr/lib/qt/plugins/kf5/kio/file.so'
kdeinit5: Got EXEC_NEW '/usr/lib/qt/plugins/kf5/kio/thumbnail.so' from launcher.
kdeinit5: preparing to launch '/usr/lib/qt/plugins/kf5/kio/thumbnail.so'
kdeinit5: Got EXEC_NEW '/usr/lib/qt/plugins/kf5/kio/thumbnail.so' from launcher.
kdeinit5: preparing to launch '/usr/lib/qt/plugins/kf5/kio/thumbnail.so'
kdeinit5: Got EXEC_NEW '/usr/lib/qt/plugins/kf5/kio/thumbnail.so' from launcher.
kdeinit5: preparing to launch '/usr/lib/qt/plugins/kf5/kio/thumbnail.so'
kdeinit5: PID 4508 terminated.
kdeinit5: PID 4493 terminated.
kdeinit5: Got EXEC_NEW '/usr/lib/qt/plugins/kf5/kio/thumbnail.so' from launcher.
kdeinit5: preparing to launch '/usr/lib/qt/plugins/kf5/kio/thumbnail.so'
kdeinit5: PID 4521 terminated.
kdeinit5: Got EXEC_NEW '/usr/lib/qt/plugins/kf5/kio/file.so' from launcher.
kdeinit5: preparing to launch '/usr/lib/qt/plugins/kf5/kio/file.so'
kdeinit5: Got EXEC_NEW '/usr/lib/qt/plugins/kf5/kio/file.so' from launcher.
kdeinit5: preparing to launch '/usr/lib/qt/plugins/kf5/kio/file.so'
kdeinit5: PID 3527 terminated.
